<?xml version="1.0" encoding="UTF-8"?>
<testng-results skipped="0" failed="0" ignored="0" total="1" passed="1">
  <reporter-output>
  </reporter-output>
  <suite name="Default suite" duration-ms="36000" started-at="2019-11-14T12:21:55 IST" finished-at="2019-11-14T12:22:31 IST">
    <groups>
    </groups>
    <test name="Default test" duration-ms="36000" started-at="2019-11-14T12:21:55 IST" finished-at="2019-11-14T12:22:31 IST">
      <class name="com.training.sanity.tests.ELTC_018">
        <test-method status="PASS" signature="setUpBeforeClass()[pri:0, instance:com.training.sanity.tests.ELTC_018@6321e813]" name="setUpBeforeClass" is-config="true" duration-ms="33" started-at="2019-11-14T12:21:55 IST" finished-at="2019-11-14T12:21:55 IST">
          <reporter-output>
          </reporter-output>
        </test-method> <!-- setUpBeforeClass -->
        <test-method status="PASS" signature="setUp()[pri:0, instance:com.training.sanity.tests.ELTC_018@6321e813]" name="setUp" is-config="true" duration-ms="17858" started-at="2019-11-14T12:21:55 IST" finished-at="2019-11-14T12:22:13 IST">
          <reporter-output>
          </reporter-output>
        </test-method> <!-- setUp -->
        <test-method status="PASS" signature="validLoginTest()[pri:0, instance:com.training.sanity.tests.ELTC_018@6321e813]" name="validLoginTest" duration-ms="18028" started-at="2019-11-14T12:22:13 IST" finished-at="2019-11-14T12:22:31 IST">
          <reporter-output>
          </reporter-output>
        </test-method> <!-- validLoginTest -->
      </class> <!-- com.training.sanity.tests.ELTC_018 -->
    </test> <!-- Default test -->
  </suite> <!-- Default suite -->
</testng-results>
